#
# There is insufficient memory for the Java Runtime Environment to continue.
# Native memory allocation (malloc) failed to allocate 1048576 bytes for AllocateHeap
# Possible reasons:
#   The system is out of physical RAM or swap space
#   In 32 bit mode, the process size limit was hit
# Possible solutions:
#   Reduce memory load on the system
#   Increase physical memory or swap space
#   Check if swap backing store is full
#   Use 64 bit Java on a 64 bit OS
#   Decrease Java heap size (-Xmx/-Xms)
#   Decrease number of Java threads
#   Decrease Java thread stack sizes (-Xss)
#   Set larger code cache with -XX:ReservedCodeCacheSize=
# This output file may be truncated or incomplete.
#
#  Out of Memory Error (memory/allocation.inline.hpp:61), pid=16724, tid=0x00000000000016dc
#
# JRE version:  (8.0_131-b11) (build )
# Java VM: Java HotSpot(TM) 64-Bit Server VM (25.131-b11 mixed mode windows-amd64 compressed oops)
# Failed to write core dump. Minidumps are not enabled by default on client versions of Windows
#

---------------  T H R E A D  ---------------

Current thread (0x00000000025be800):  JavaThread "Unknown thread" [_thread_in_vm, id=5852, stack(0x0000000002440000,0x0000000002540000)]

Stack: [0x0000000002440000,0x0000000002540000]
[error occurred during error reporting (printing stack bounds), id 0xc0000005]

Native frames: (J=compiled Java code, j=interpreted, Vv=VM code, C=native code)


---------------  P R O C E S S  ---------------

Java Threads: ( => current thread )

Other Threads:

=>0x00000000025be800 (exited) JavaThread "Unknown thread" [_thread_in_vm, id=5852, stack(0x0000000002440000,0x0000000002540000)]

VM state:not at safepoint (normal execution)

VM Mutex/Monitor currently owned by a thread: None

Heap:
 PSYoungGen      total 33280K, used 573K [0x00000000daf00000, 0x00000000dd400000, 0x0000000100000000)
  eden space 28672K, 2% used [0x00000000daf00000,0x00000000daf8f5d0,0x00000000dcb00000)
  from space 4608K, 0% used [0x00000000dcf80000,0x00000000dcf80000,0x00000000dd400000)
  to   space 4608K, 0% used [0x00000000dcb00000,0x00000000dcb00000,0x00000000dcf80000)
 ParOldGen       total 76800K, used 0K [0x0000000090c00000, 0x0000000095700000, 0x00000000daf00000)
  object space 76800K, 0% used [0x0000000090c00000,0x0000000090c00000,0x0000000095700000)
 Metaspace       used 770K, capacity 4480K, committed 4480K, reserved 1056768K
  class space    used 75K, capacity 384K, committed 384K, reserved 1048576K

Card table byte_map: [0x0000000011be0000,0x0000000011f60000] byte_map_base: 0x000000001175a000

Marking Bits: (ParMarkBitMap*) 0x0000000065e0c720
 Begin Bits: [0x00000000125c0000, 0x0000000014190000)
 End Bits:   [0x0000000014190000, 0x0000000015d60000)

Polling page: 0x0000000000ac0000

CodeCache: size=245760Kb used=327Kb max_used=327Kb free=245432Kb
 bounds [0x0000000002820000, 0x0000000002a90000, 0x0000000011820000]
 total_blobs=57 nmethods=0 adapters=38
 compilation: enabled

Compilation events (0 events):
No events

GC Heap History (0 events):
No events

Deoptimization events (0 events):
No events

Internal exceptions (0 events):
No events

Events (10 events):
Event: 0.267 loading class java/lang/Short
Event: 0.267 loading class java/lang/Short done
Event: 0.267 loading class java/lang/Integer
Event: 0.268 loading class java/lang/Integer done
Event: 0.268 loading class java/lang/Long
Event: 0.268 loading class java/lang/Long done
Event: 0.270 loading class java/lang/NullPointerException
Event: 0.270 loading class java/lang/NullPointerException done
Event: 0.270 loading class java/lang/ArithmeticException
Event: 0.270 loading class java/lang/ArithmeticException done


Dynamic libraries:
0x00007ff63b3b0000 - 0x00007ff63b3e7000 	C:\Program Files\Java\jdk1.8.0_131\bin\java.exe
0x00007ffe11680000 - 0x00007ffe11861000 	C:\WINDOWS\SYSTEM32\ntdll.dll
0x00007ffe10b50000 - 0x00007ffe10c01000 	C:\WINDOWS\System32\KERNEL32.DLL
0x00007ffe0db00000 - 0x00007ffe0dd73000 	C:\WINDOWS\System32\KERNELBASE.dll
0x00007ffe0ee60000 - 0x00007ffe0ef01000 	C:\WINDOWS\System32\ADVAPI32.dll
0x00007ffe11480000 - 0x00007ffe1151e000 	C:\WINDOWS\System32\msvcrt.dll
0x00007ffe0ec00000 - 0x00007ffe0ec5b000 	C:\WINDOWS\System32\sechost.dll
0x00007ffe11520000 - 0x00007ffe11644000 	C:\WINDOWS\System32\RPCRT4.dll
0x00007ffe0ef10000 - 0x00007ffe0f0a0000 	C:\WINDOWS\System32\USER32.dll
0x00007ffe0e3e0000 - 0x00007ffe0e400000 	C:\WINDOWS\System32\win32u.dll
0x00007ffe10a50000 - 0x00007ffe10a78000 	C:\WINDOWS\System32\GDI32.dll
0x00007ffe0e1f0000 - 0x00007ffe0e381000 	C:\WINDOWS\System32\gdi32full.dll
0x00007ffe0dde0000 - 0x00007ffe0de7f000 	C:\WINDOWS\System32\msvcp_win.dll
0x00007ffe0de80000 - 0x00007ffe0df78000 	C:\WINDOWS\System32\ucrtbase.dll
0x00007ffe003d0000 - 0x00007ffe00639000 	C:\WINDOWS\WinSxS\amd64_microsoft.windows.common-controls_6595b64144ccf1df_6.0.17134.950_none_fb3da4273069d3e0\COMCTL32.dll
0x00007ffe11150000 - 0x00007ffe11472000 	C:\WINDOWS\System32\combase.dll
0x00007ffe0df80000 - 0x00007ffe0dff9000 	C:\WINDOWS\System32\bcryptPrimitives.dll
0x00007ffe10990000 - 0x00007ffe109bd000 	C:\WINDOWS\System32\IMM32.DLL
0x0000000065e90000 - 0x0000000065f62000 	C:\Program Files\Java\jdk1.8.0_131\jre\bin\msvcr100.dll
0x00000000655f0000 - 0x0000000065e8c000 	C:\Program Files\Java\jdk1.8.0_131\jre\bin\server\jvm.dll
0x00007ffe0ee40000 - 0x00007ffe0ee48000 	C:\WINDOWS\System32\PSAPI.DLL
0x00007ffe07950000 - 0x00007ffe07959000 	C:\WINDOWS\SYSTEM32\WSOCK32.dll
0x00007ffe109c0000 - 0x00007ffe10a2c000 	C:\WINDOWS\System32\WS2_32.dll
0x00007ffe0b810000 - 0x00007ffe0b833000 	C:\WINDOWS\SYSTEM32\WINMM.dll
0x00007ffe091e0000 - 0x00007ffe091ea000 	C:\WINDOWS\SYSTEM32\VERSION.dll
0x00007ffe0b7e0000 - 0x00007ffe0b80a000 	C:\WINDOWS\SYSTEM32\WINMMBASE.dll
0x00007ffe0e390000 - 0x00007ffe0e3d9000 	C:\WINDOWS\System32\cfgmgr32.dll
0x0000000066fd0000 - 0x0000000066fdf000 	C:\Program Files\Java\jdk1.8.0_131\jre\bin\verify.dll
0x0000000066fa0000 - 0x0000000066fc9000 	C:\Program Files\Java\jdk1.8.0_131\jre\bin\java.dll
0x0000000066f50000 - 0x0000000066f73000 	C:\Program Files\Java\jdk1.8.0_131\jre\bin\instrument.dll
0x0000000066f80000 - 0x0000000066f96000 	C:\Program Files\Java\jdk1.8.0_131\jre\bin\zip.dll

VM Arguments:
jvm_args: -javaagent:C:\Program Files\JetBrains\IntelliJ IDEA 2018.1\lib\idea_rt.jar=54114:C:\Program Files\JetBrains\IntelliJ IDEA 2018.1\bin -Dfile.encoding=UTF-8 
java_command: Sinus
java_class_path (initial): C:\Program Files\Java\jdk1.8.0_131\jre\lib\charsets.jar;C:\Program Files\Java\jdk1.8.0_131\jre\lib\deploy.jar;C:\Program Files\Java\jdk1.8.0_131\jre\lib\ext\access-bridge-64.jar;C:\Program Files\Java\jdk1.8.0_131\jre\lib\ext\cldrdata.jar;C:\Program Files\Java\jdk1.8.0_131\jre\lib\ext\dnsns.jar;C:\Program Files\Java\jdk1.8.0_131\jre\lib\ext\jaccess.jar;C:\Program Files\Java\jdk1.8.0_131\jre\lib\ext\jfxrt.jar;C:\Program Files\Java\jdk1.8.0_131\jre\lib\ext\localedata.jar;C:\Program Files\Java\jdk1.8.0_131\jre\lib\ext\nashorn.jar;C:\Program Files\Java\jdk1.8.0_131\jre\lib\ext\sunec.jar;C:\Program Files\Java\jdk1.8.0_131\jre\lib\ext\sunjce_provider.jar;C:\Program Files\Java\jdk1.8.0_131\jre\lib\ext\sunmscapi.jar;C:\Program Files\Java\jdk1.8.0_131\jre\lib\ext\sunpkcs11.jar;C:\Program Files\Java\jdk1.8.0_131\jre\lib\ext\zipfs.jar;C:\Program Files\Java\jdk1.8.0_131\jre\lib\javaws.jar;C:\Program Files\Java\jdk1.8.0_131\jre\lib\jce.jar;C:\Program Files\Java\jdk1.8.0_131\jre\lib\jfr.jar;C:\Program Files\Java\jdk1.8.0_131\jre\lib\jfxswt.jar;C:\Program Files\Java\jdk1.8.0_131\jre\lib\jsse.jar;C:\Program Files\Java\jdk1.8.0_131\jre\lib\management-agent.jar;C:\Program Files\Java\jdk1.8.0_131\jre\lib\plugin.jar;C:\Program Files\Java\jdk1.8.0_131\jre\lib\resources.jar;C:\Program Files\Java\jdk1.8.0_131\jre\lib\rt.jar;C:\Users\SlyFox\Downloads\Lab11\target\classes;C:\Program Files\JetBrains\IntelliJ IDEA 2018.1\lib\idea_rt.jar
Launcher Type: SUN_STANDARD

Environment Variables:
JAVA_HOME=C:\Program Files (x86)\Java\jre1.5.0
PATH=C:\VulkanSDK\1.1.108.0\Bin;C:\VulkanSDK\1.0.51.0\Bin;C:\Program Files\Haskell\bin;C:\Program Files\Haskell Platform\8.2.1\lib\extralibs\bin;C:\Program Files\Haskell Platform\8.2.1\bin;C:\ProgramData\Oracle\Java\javapath;C:\Program Files\Java\jdk1.8.0_101\bin;C:\WINDOWS\system32;C:\WINDOWS;C:\WINDOWS\System32\Wbem;C:\WINDOWS\System32\WindowsPowerShell\v1.0\;C:\Program Files\Microsoft SQL Server\120\Tools\Binn\;C:\Program Files\Microsoft SQL Server\130\Tools\Binn\;C:\Program Files\PuTTY\;C:\Program Files (x86)\AMD APP SDK\3.0\bin\x86_64;C:\Program Files (x86)\AMD APP SDK\3.0\bin\x86;C:\Program Files\Haskell Platform\8.2.1\mingw\bin;C:\Program Files\nodejs\;C:\Program Files\dotnet\;C:\Program Files (x86)\Visual Leak Detector\bin\Win32;C:\Program Files (x86)\Visual Leak Detector\bin\Win64;C:\Program Files\MiKTeX 2.9\miktex\bin\x64\;C:\WINDOWS\System32\OpenSSH\;C:\Program Files\CMake\bin;C:\Program Files\Amazon\AWSCLI\;C:\HashiCorp\Vagrant\bin;C:\Program Files (x86)\IncrediBuild;C:\Program Files\Git\cmd;C:\Users\SlyFox\AppData\Roaming\local\bin;C:\Users\SlyFox\AppData\Roaming\cabal\bin;C:\Users\SlyFox\.cargo\bin;C:\Users\SlyFox\AppData\Local\Microsoft\WindowsApps;C:\Program Files\maven\\bin;C:\Ant\bin;C:\Program Files\PostgreSQL\9.6\bin;C:\Users\SlyFox\AppData\Roaming\npm;C:\Program Files\Java\jdk1.8.0_131\bin;C:\Program Files\Heroku\bin;;C:\Users\SlyFox\AppData\Local\Programs\Microsoft VS Code\bin
USERNAME=SlyFox
OS=Windows_NT
PROCESSOR_IDENTIFIER=AMD64 Family 22 Model 48 Stepping 1, AuthenticAMD



---------------  S Y S T E M  ---------------

OS: Windows 10.0 , 64 bit Build 17134 (10.0.17134.753)

CPU:total 4 (initial active 4) (4 cores per cpu, 1 threads per core) family 22 model 48 stepping 1, cmov, cx8, fxsr, mmx, sse, sse2, sse3, ssse3, sse4.1, sse4.2, popcnt, avx, aes, clmul, mmxext, 3dnowpref, lzcnt, sse4a, tsc, tscinvbit, tscinv, bmi1

Memory: 4k page, physical 7283720k(931940k free), swap 9380872k(4276k free)

vm_info: Java HotSpot(TM) 64-Bit Server VM (25.131-b11) for windows-amd64 JRE (1.8.0_131-b11), built on Mar 15 2017 01:23:53 by "java_re" with MS VC++ 10.0 (VS2010)

time: Sat Sep 07 10:14:47 2019
elapsed time: 0 seconds (0d 0h 0m 0s)

